<?xml version="1.0" encoding="UTF-8"?>
<!-- Generated by org.testng.reporters.JUnitXMLReporter -->
<testsuite hostname="DESKTOP-5RRLAR1" ignored="0" name="Test" tests="3" failures="2" timestamp="2022-05-22T17:54:20 IST" time="0.121" errors="0">
  <testcase name="test01" time="0.027" classname="com.tests.LoadPage"/>
  <testcase name="test02" time="0.004" classname="com.tests.LoadPage">
    <failure type="java.lang.AssertionError" message="expected [true] but found [false]">
      <![CDATA[java.lang.AssertionError: expected [true] but found [false]
at com.tests.LoadPage.test02(LoadPage.java:26)
at java.util.ArrayList.forEach(ArrayList.java:1249)
... Removed 31 stack frames]]>
    </failure>
  </testcase> <!-- test02 -->
  <testcase name="test02" time="0.015" classname="com.tests.LoadPage">
    <failure type="java.lang.NullPointerException">
      <![CDATA[java.lang.NullPointerException
at com.page.AmazonPageLoad.takeScreenshots(AmazonPageLoad.java:53)
at com.listeners.Listener.onTestFailure(Listener.java:25)
at java.util.ArrayList.forEach(ArrayList.java:1249)
... Removed 24 stack frames]]>
    </failure>
  </testcase> <!-- test02 -->
</testsuite> <!-- Test -->
